-------------------------------------------------------------------------------
Test set: com.baomidou.test.BaseTest
-------------------------------------------------------------------------------
Tests run: 1, Failures: 0, Errors: 1, Skipped: 0, Time elapsed: 0.119 s <<< FAILURE! - in com.baomidou.test.BaseTest
initializationError(com.baomidou.test.BaseTest)  Time elapsed: 0.003 s  <<< ERROR!
java.lang.Exception: No runnable methods

